This is pdfTeX, Version 3.1415926-1.40.11 (TeX Live 2010) (format=pdflatex 2010.10.4)  1 MAR 2014 15:26
entering extended mode
 restricted \write18 enabled.
 %&-line parsing enabled.
**dad1.tex
(./dad1.tex
LaTeX2e <2009/09/24>
Babel <v3.8l> and hyphenation patterns for english, dumylang, nohyphenation, ge
rman-x-2009-06-19, ngerman-x-2009-06-19, afrikaans, ancientgreek, ibycus, arabi
c, armenian, basque, bulgarian, catalan, pinyin, coptic, croatian, czech, danis
h, dutch, ukenglish, usenglishmax, esperanto, estonian, farsi, finnish, french,
 galician, german, ngerman, swissgerman, monogreek, greek, hungarian, icelandic
, assamese, bengali, gujarati, hindi, kannada, malayalam, marathi, oriya, panja
bi, tamil, telugu, indonesian, interlingua, irish, italian, kurmanji, lao, lati
n, latvian, lithuanian, mongolian, mongolianlmc, bokmal, nynorsk, polish, portu
guese, romanian, russian, sanskrit, serbian, slovak, slovenian, spanish, swedis
h, turkish, turkmen, ukrainian, uppersorbian, welsh, loaded.
(/h0a/stow/swtree/stow/texlive/tl2010/texmf-dist/tex/latex/base/letter.cls
Document Class: letter 1999/04/29 v1.2z Standard LaTeX document class
(/h0a/stow/swtree/stow/texlive/tl2010/texmf-dist/tex/latex/base/size11.clo
File: size11.clo 2007/10/19 v1.4h Standard LaTeX file (size option)
)
\longindentation=\dimen102
\indentedwidth=\dimen103
\labelcount=\count79
)
(/h0a/stow/swtree/stow/texlive/tl2010/texmf-dist/tex/latex/amsfonts/amssymb.sty
Package: amssymb 2009/06/22 v3.00

(/h0a/stow/swtree/stow/texlive/tl2010/texmf-dist/tex/latex/amsfonts/amsfonts.st
y
Package: amsfonts 2009/06/22 v3.00 Basic AMSFonts support
\@emptytoks=\toks14
\symAMSa=\mathgroup4
\symAMSb=\mathgroup5
LaTeX Font Info:    Overwriting math alphabet `\mathfrak' in version `bold'
(Font)                  U/euf/m/n --> U/euf/b/n on input line 96.
))
(/h0a/stow/swtree/stow/texlive/tl2010/texmf-dist/tex/latex/amsmath/amsmath.sty
Package: amsmath 2000/07/18 v2.13 AMS math features
\@mathmargin=\skip41

For additional information on amsmath, use the `?' option.
(/h0a/stow/swtree/stow/texlive/tl2010/texmf-dist/tex/latex/amsmath/amstext.sty
Package: amstext 2000/06/29 v2.01

(/h0a/stow/swtree/stow/texlive/tl2010/texmf-dist/tex/latex/amsmath/amsgen.sty
File: amsgen.sty 1999/11/30 v2.0
\@emptytoks=\toks15
\ex@=\dimen104
)) (/h0a/stow/swtree/stow/texlive/tl2010/texmf-dist/tex/latex/amsmath/amsbsy.st
y
Package: amsbsy 1999/11/29 v1.2d
\pmbraise@=\dimen105
) (/h0a/stow/swtree/stow/texlive/tl2010/texmf-dist/tex/latex/amsmath/amsopn.sty
Package: amsopn 1999/12/14 v2.01 operator names
)
\inf@bad=\count80
LaTeX Info: Redefining \frac on input line 211.
\uproot@=\count81
\leftroot@=\count82
LaTeX Info: Redefining \overline on input line 307.
\classnum@=\count83
\DOTSCASE@=\count84
LaTeX Info: Redefining \ldots on input line 379.
LaTeX Info: Redefining \dots on input line 382.
LaTeX Info: Redefining \cdots on input line 467.
\Mathstrutbox@=\box26
\strutbox@=\box27
\big@size=\dimen106
LaTeX Font Info:    Redeclaring font encoding OML on input line 567.
LaTeX Font Info:    Redeclaring font encoding OMS on input line 568.
\macc@depth=\count85
\c@MaxMatrixCols=\count86
\dotsspace@=\muskip10
\c@parentequation=\count87
\dspbrk@lvl=\count88
\tag@help=\toks16
\row@=\count89
\column@=\count90
\maxfields@=\count91
\andhelp@=\toks17
\eqnshift@=\dimen107
\alignsep@=\dimen108
\tagshift@=\dimen109
\tagwidth@=\dimen110
\totwidth@=\dimen111
\lineht@=\dimen112
\@envbody=\toks18
\multlinegap=\skip42
\multlinetaggap=\skip43
\mathdisplay@stack=\toks19
LaTeX Info: Redefining \[ on input line 2666.
LaTeX Info: Redefining \] on input line 2667.
)
(/h0a/stow/swtree/stow/texlive/tl2010/texmf-dist/tex/latex/graphics/epsfig.sty
Package: epsfig 1999/02/16 v1.7a (e)psfig emulation (SPQR)

(/h0a/stow/swtree/stow/texlive/tl2010/texmf-dist/tex/latex/graphics/graphicx.st
y
Package: graphicx 1999/02/16 v1.0f Enhanced LaTeX Graphics (DPC,SPQR)

(/h0a/stow/swtree/stow/texlive/tl2010/texmf-dist/tex/latex/graphics/keyval.sty
Package: keyval 1999/03/16 v1.13 key=value parser (DPC)
\KV@toks@=\toks20
)
(/h0a/stow/swtree/stow/texlive/tl2010/texmf-dist/tex/latex/graphics/graphics.st
y
Package: graphics 2009/02/05 v1.0o Standard LaTeX Graphics (DPC,SPQR)
 (/h0a/stow/swtree/stow/texlive/tl2010/texmf-dist/tex/latex/graphics/trig.sty
Package: trig 1999/03/16 v1.09 sin cos tan (DPC)
)
(/h0a/stow/swtree/stow/texlive/tl2010/texmf-dist/tex/latex/latexconfig/graphics
.cfg
File: graphics.cfg 2010/04/23 v1.9 graphics configuration of TeX Live
)
Package graphics Info: Driver file: pdftex.def on input line 91.

(/h0a/stow/swtree/stow/texlive/tl2010/texmf-dist/tex/latex/pdftex-def/pdftex.de
f
File: pdftex.def 2010/09/14 v0.05b Graphics/color for pdfTeX
\Gread@gobject=\count92
))
\Gin@req@height=\dimen113
\Gin@req@width=\dimen114
)
\epsfxsize=\dimen115
\epsfysize=\dimen116
)
(/h0a/stow/swtree/stow/texlive/tl2010/texmf-dist/tex/latex/tools/array.sty
Package: array 2008/09/09 v2.4c Tabular extension package (FMi)
\col@sep=\dimen117
\extrarowheight=\dimen118
\NC@list=\toks21
\extratabsurround=\skip44
\backup@length=\skip45
)
(/h0a/stow/swtree/stow/texlive/tl2010/texmf-dist/tex/latex/base/ifthen.sty
Package: ifthen 2001/05/26 v1.1c Standard LaTeX ifthen package (DPC)
)
(/h0a/stow/swtree/stow/texlive/tl2010/texmf-dist/tex/latex/graphics/color.sty
Package: color 2005/11/14 v1.0j Standard LaTeX Color (DPC)

(/h0a/stow/swtree/stow/texlive/tl2010/texmf-dist/tex/latex/latexconfig/color.cf
g
File: color.cfg 2007/01/18 v1.5 color configuration of teTeX/TeXLive
)
Package color Info: Driver file: pdftex.def on input line 130.
)
(/h0a/stow/swtree/stow/texlive/tl2010/texmf-dist/tex/latex/fancyhdr/fancyhdr.st
y
\fancy@headwidth=\skip46
\f@ncyO@elh=\skip47
\f@ncyO@erh=\skip48
\f@ncyO@olh=\skip49
\f@ncyO@orh=\skip50
\f@ncyO@elf=\skip51
\f@ncyO@erf=\skip52
\f@ncyO@olf=\skip53
\f@ncyO@orf=\skip54
) (/h0a/stow/swtree/stow/texlive/tl2010/texmf-dist/tex/latex/mh/mathtools.sty
Package: mathtools 2010/07/21 v1.08b mathematical typesetting tools (MH)

(/h0a/stow/swtree/stow/texlive/tl2010/texmf-dist/tex/latex/tools/calc.sty
Package: calc 2007/08/22 v4.3 Infix arithmetic (KKT,FJ)
\calc@Acount=\count93
\calc@Bcount=\count94
\calc@Adimen=\dimen119
\calc@Bdimen=\dimen120
\calc@Askip=\skip55
\calc@Bskip=\skip56
LaTeX Info: Redefining \setlength on input line 76.
LaTeX Info: Redefining \addtolength on input line 77.
\calc@Ccount=\count95
\calc@Cskip=\skip57
)
(/h0a/stow/swtree/stow/texlive/tl2010/texmf-dist/tex/latex/mh/mhsetup.sty
Package: mhsetup 2010/01/21 v1.2a programming setup (MH)
)
\g_MT_multlinerow_int=\count96
\l_MT_multwidth_dim=\dimen121
)
(./dad1.aux)
\openout1 = `dad1.aux'.

LaTeX Font Info:    Checking defaults for OML/cmm/m/it on input line 14.
LaTeX Font Info:    ... okay on input line 14.
LaTeX Font Info:    Checking defaults for T1/cmr/m/n on input line 14.
LaTeX Font Info:    ... okay on input line 14.
LaTeX Font Info:    Checking defaults for OT1/cmr/m/n on input line 14.
LaTeX Font Info:    ... okay on input line 14.
LaTeX Font Info:    Checking defaults for OMS/cmsy/m/n on input line 14.
LaTeX Font Info:    ... okay on input line 14.
LaTeX Font Info:    Checking defaults for OMX/cmex/m/n on input line 14.
LaTeX Font Info:    ... okay on input line 14.
LaTeX Font Info:    Checking defaults for U/cmr/m/n on input line 14.
LaTeX Font Info:    ... okay on input line 14.

(/h0a/stow/swtree/stow/texlive/tl2010/texmf-dist/tex/context/base/supp-pdf.mkii
[Loading MPS to PDF converter (version 2006.09.02).]
\scratchcounter=\count97
\scratchdimen=\dimen122
\scratchbox=\box28
\nofMPsegments=\count98
\nofMParguments=\count99
\everyMPshowfont=\toks22
\MPscratchCnt=\count100
\MPscratchDim=\dimen123
\MPnumerator=\count101
\everyMPtoPDFconversion=\toks23
)
(/h0a/stow/swtree/stow/texlive/tl2010/texmf-dist/tex/generic/oberdiek/pdftexcmd
s.sty
Package: pdftexcmds 2010/04/01 v0.9 Utility functions of pdfTeX for LuaTeX (HO)


(/h0a/stow/swtree/stow/texlive/tl2010/texmf-dist/tex/generic/oberdiek/infwarerr
.sty
Package: infwarerr 2010/04/08 v1.3 Providing info/warning/message (HO)
)
(/h0a/stow/swtree/stow/texlive/tl2010/texmf-dist/tex/generic/oberdiek/ifluatex.
sty
Package: ifluatex 2010/03/01 v1.3 Provides the ifluatex switch (HO)
Package ifluatex Info: LuaTeX not detected.
)
(/h0a/stow/swtree/stow/texlive/tl2010/texmf-dist/tex/generic/oberdiek/ltxcmds.s
ty
Package: ltxcmds 2010/04/26 v1.7 LaTeX kernel commands for general use (HO)
)
Package pdftexcmds Info: LuaTeX not detected.
Package pdftexcmds Info: \pdf@primitive is available.
Package pdftexcmds Info: \pdf@ifprimitive is available.
)
(/h0a/stow/swtree/stow/texlive/tl2010/texmf-dist/tex/latex/oberdiek/epstopdf-ba
se.sty
Package: epstopdf-base 2010/02/09 v2.5 Base part for package epstopdf

(/h0a/stow/swtree/stow/texlive/tl2010/texmf-dist/tex/latex/oberdiek/grfext.sty
Package: grfext 2007/09/30 v1.0 Managing graphics extensions (HO)
)
(/h0a/stow/swtree/stow/texlive/tl2010/texmf-dist/tex/latex/oberdiek/kvoptions.s
ty
Package: kvoptions 2010/02/22 v3.7 Keyval support for LaTeX options (HO)

(/h0a/stow/swtree/stow/texlive/tl2010/texmf-dist/tex/generic/oberdiek/kvsetkeys
.sty
Package: kvsetkeys 2010/03/01 v1.9 Key value parser (HO)

(/h0a/stow/swtree/stow/texlive/tl2010/texmf-dist/tex/generic/oberdiek/etexcmds.
sty
Package: etexcmds 2010/01/28 v1.3 Prefix for e-TeX command names (HO)
Package etexcmds Info: Could not find \expanded.
(etexcmds)             That can mean that you are not using pdfTeX 1.50 or
(etexcmds)             that some package has redefined \expanded.
(etexcmds)             In the latter case, load this package earlier.
)))
Package grfext Info: Graphics extension search list:
(grfext)             [.png,.pdf,.jpg,.mps,.jpeg,.jbig2,.jb2,.PNG,.PDF,.JPG,.JPE
G,.JBIG2,.JB2,.eps]
(grfext)             \AppendGraphicsExtensions on input line 436.

(/h0a/stow/swtree/stow/texlive/tl2010/texmf-dist/tex/latex/latexconfig/epstopdf
-sys.cfg
File: epstopdf-sys.cfg 2010/07/13 v1.3 Configuration of (r)epstopdf for TeX Liv
e
))
LaTeX Font Info:    Try loading font information for U+msa on input line 23.

(/h0a/stow/swtree/stow/texlive/tl2010/texmf-dist/tex/latex/amsfonts/umsa.fd
File: umsa.fd 2009/06/22 v3.00 AMS symbols A
)
LaTeX Font Info:    Try loading font information for U+msb on input line 23.

(/h0a/stow/swtree/stow/texlive/tl2010/texmf-dist/tex/latex/amsfonts/umsb.fd
File: umsb.fd 2009/06/22 v3.00 AMS symbols B
)
[1

{/h0a/stow/swtree/stow/texlive/tl2010/texmf-var/fonts/map/pdftex/updmap/pdftex.
map}]
Overfull \hbox (115.16646pt too wide) in paragraph at lines 88--88
[] 
 []

[2] (./dad1.aux) ) 
Here is how much of TeX's memory you used:
 2894 strings out of 493738
 40124 string characters out of 3135951
 102400 words of memory out of 3000000
 6144 multiletter control sequences out of 15000+200000
 8288 words of font info for 32 fonts, out of 3000000 for 9000
 714 hyphenation exceptions out of 8191
 38i,10n,43p,230b,129s stack positions out of 5000i,500n,10000p,200000b,50000s
</h0a/stow/swtree/stow/texlive/tl2010/texmf-dist/fonts/type1/
public/amsfonts/cm/cmex10.pfb></h0a/stow/swtree/stow/texlive/tl2010/texmf-dist/
fonts/type1/public/amsfonts/cmextra/cmex8.pfb></h0a/stow/swtree/stow/texlive/tl
2010/texmf-dist/fonts/type1/public/amsfonts/cm/cmmi10.pfb></h0a/stow/swtree/sto
w/texlive/tl2010/texmf-dist/fonts/type1/public/amsfonts/cm/cmmi6.pfb></h0a/stow
/swtree/stow/texlive/tl2010/texmf-dist/fonts/type1/public/amsfonts/cm/cmmi8.pfb
></h0a/stow/swtree/stow/texlive/tl2010/texmf-dist/fonts/type1/public/amsfonts/c
m/cmr10.pfb></h0a/stow/swtree/stow/texlive/tl2010/texmf-dist/fonts/type1/public
/amsfonts/cm/cmr6.pfb></h0a/stow/swtree/stow/texlive/tl2010/texmf-dist/fonts/ty
pe1/public/amsfonts/cm/cmr8.pfb></h0a/stow/swtree/stow/texlive/tl2010/texmf-dis
t/fonts/type1/public/amsfonts/cm/cmsy10.pfb></h0a/stow/swtree/stow/texlive/tl20
10/texmf-dist/fonts/type1/public/amsfonts/cm/cmsy6.pfb></h0a/stow/swtree/stow/t
exlive/tl2010/texmf-dist/fonts/type1/public/amsfonts/cm/cmsy8.pfb>
Output written on dad1.pdf (2 pages, 110329 bytes).
PDF statistics:
 55 PDF objects out of 1000 (max. 8388607)
 39 compressed objects within 1 object stream
 0 named destinations out of 1000 (max. 500000)
 1 words of extra memory for PDF output out of 10000 (max. 10000000)

